2020-10-02 23:58:23.930790700000 [17800(ThreadId 13)] ERROR APP - start debugging failed. user error (ExecResult not found.) : Left "user error (ExecResult not found.)"
2020-10-02 23:58:51.850748200000 [17800(ThreadId 16)] CRITICAL THREAD_MGR - Critical exit started.
2020-10-02 23:58:55.558412700000 [17863(ThreadId 13)] ERROR APP - start debugging failed. user error (ExecResult not found.) : Left "user error (ExecResult not found.)"
2020-10-02 23:59:09.606010600000 [17863(ThreadId 16)] CRITICAL THREAD_MGR - Critical exit started.
2020-10-14 00:09:29.036088300000 [6534(ThreadId 13)] ERROR APP - user error (loaded module can not find from path. </home/enzo/Workspace/study/programmingParadigms/work1/Str8ts.hs> [])
2020-10-14 00:09:29.172985400000 [6534(ThreadId 13)] ERROR APP - start debugging failed. user error (ExecResult not found.) : Left "user error (ExecResult not found.)"
2020-10-14 00:09:46.967648500000 [6534(ThreadId 16)] CRITICAL THREAD_MGR - Critical exit started.
2020-10-14 00:09:49.195120900000 [6597(ThreadId 13)] ERROR APP - user error (loaded module can not find from path. </home/enzo/Workspace/study/programmingParadigms/work1/Str8ts.hs> [])
2020-10-14 00:09:49.299110300000 [6597(ThreadId 13)] ERROR APP - start debugging failed. user error (ExecResult not found.) : Left "user error (ExecResult not found.)"
2020-10-14 00:10:09.314135700000 [6597(ThreadId 16)] CRITICAL THREAD_MGR - Critical exit started.
2020-10-14 00:10:27.181846900000 [6667(ThreadId 13)] ERROR APP - user error (loaded module can not find from path. </home/enzo/Workspace/study/programmingParadigms/work1/Str8ts.hs> [("Main","/home/enzo/Workspace/study/programmingParadigms/work1/main.hs"),("Slot","./Slot.hs"),("Str8ts","./Str8ts.hs"),("Utils","./Utils.hs")])
2020-10-14 00:10:46.745981500000 [6667(ThreadId 13)] ERROR APP - start debugging failed. user error (ExecResult not found.) : Left "user error (ExecResult not found.)"
2020-10-14 00:11:01.407065200000 [6667(ThreadId 13)] ERROR APP - user error (loaded module can not find from path. </home/enzo/Workspace/study/programmingParadigms/work1/Str8ts.hs> [("Main","/home/enzo/Workspace/study/programmingParadigms/work1/main.hs"),("Slot","./Slot.hs"),("Str8ts","./Str8ts.hs"),("Utils","./Utils.hs")])
2020-10-14 00:11:07.262830800000 [6667(ThreadId 13)] ERROR APP - user error (loaded module can not find from path. </home/enzo/Workspace/study/programmingParadigms/work1/Str8ts.hs> [("Main","/home/enzo/Workspace/study/programmingParadigms/work1/main.hs"),("Slot","./Slot.hs"),("Str8ts","./Str8ts.hs"),("Utils","./Utils.hs")])
2020-10-14 00:11:11.994734800000 [6667(ThreadId 16)] CRITICAL THREAD_MGR - Critical exit started.
2020-10-14 00:11:14.598752400000 [6730(ThreadId 13)] ERROR APP - user error (loaded module can not find from path. </home/enzo/Workspace/study/programmingParadigms/work1/Str8ts.hs> [("Main","/home/enzo/Workspace/study/programmingParadigms/work1/main.hs"),("Slot","./Slot.hs"),("Str8ts","./Str8ts.hs"),("Utils","./Utils.hs")])
2020-10-14 00:11:33.382714500000 [6730(ThreadId 13)] ERROR APP - start debugging failed. user error (ExecResult not found.) : Left "user error (ExecResult not found.)"
2020-10-14 00:11:48.763228200000 [6730(ThreadId 13)] ERROR APP - user error (loaded module can not find from path. </home/enzo/Workspace/study/programmingParadigms/work1/Str8ts.hs> [("Main","/home/enzo/Workspace/study/programmingParadigms/work1/main.hs"),("Slot","./Slot.hs"),("Str8ts","./Str8ts.hs"),("Utils","./Utils.hs")])
2020-10-14 00:12:03.388118200000 [6730(ThreadId 16)] CRITICAL THREAD_MGR - Critical exit started.
2020-10-14 00:12:23.487859700000 [6793(ThreadId 12)] WARNING REQUEST - unsupported request command. {"command":"source","arguments":{"sourceReference":0,"source":{"name":null,"path":"./Utils.hs","sourceReference":null,"origine":null}},"type":"request","seq":10}
2020-10-14 00:12:34.224329900000 [6793(ThreadId 12)] WARNING REQUEST - unsupported request command. {"command":"source","arguments":{"sourceReference":0,"source":{"name":null,"path":"./Str8ts.hs","sourceReference":null,"origine":null}},"type":"request","seq":13}
2020-10-14 00:12:54.442602100000 [6793(ThreadId 12)] WARNING REQUEST - unsupported request command. {"command":"stepOut","arguments":{"threadId":0},"type":"request","seq":15}
2020-10-14 00:13:09.828094300000 [6793(ThreadId 13)] ERROR APP - user error (loaded module can not find from path. </home/enzo/Workspace/study/programmingParadigms/work1/Str8ts.hs> [("Main","/home/enzo/Workspace/study/programmingParadigms/work1/main.hs"),("Slot","./Slot.hs"),("Str8ts","./Str8ts.hs"),("Utils","./Utils.hs")])
2020-10-14 00:13:17.196071100000 [6793(ThreadId 16)] CRITICAL THREAD_MGR - Critical exit started.
2020-10-14 00:13:18.061138800000 [6858(ThreadId 13)] ERROR APP - user error (loaded module can not find from path. </home/enzo/Workspace/study/programmingParadigms/work1/Str8ts.hs> [("Main","/home/enzo/Workspace/study/programmingParadigms/work1/main.hs"),("Slot","./Slot.hs"),("Str8ts","./Str8ts.hs"),("Utils","./Utils.hs")])
2020-10-14 00:13:37.038139100000 [6858(ThreadId 13)] ERROR APP - start debugging failed. user error (ExecResult not found.) : Left "user error (ExecResult not found.)"
2020-10-14 00:13:42.224310500000 [6858(ThreadId 13)] ERROR APP - user error (loaded module can not find from path. </home/enzo/Workspace/study/programmingParadigms/work1/Str8ts.hs> [("Main","/home/enzo/Workspace/study/programmingParadigms/work1/main.hs"),("Slot","./Slot.hs"),("Str8ts","./Str8ts.hs"),("Utils","./Utils.hs")])
2020-10-14 00:13:44.838848300000 [6858(ThreadId 16)] CRITICAL THREAD_MGR - Critical exit started.
2020-10-14 13:52:23.400573700000 [1477(ThreadId 13)] ERROR APP - user error (loaded module can not find from path. </home/enzo/Workspace/study/programmingParadigms/work1/Str8ts.hs> [("Main","/home/enzo/Workspace/study/programmingParadigms/work1/main.hs"),("Slot","./Slot.hs"),("Str8ts","./Str8ts.hs"),("Utils","./Utils.hs")])
